<?xml version="1.0" encoding="UTF-8"?>
<testng-results skipped="0" failed="0" ignored="0" total="1" passed="1">
  <reporter-output>
  </reporter-output>
  <suite name="UCC-APJ-Suite" duration-ms="32655" started-at="2017-08-31T04:32:23Z" finished-at="2017-08-31T04:32:56Z">
    <groups>
    </groups>
    <test name="MemberRegistration" duration-ms="32655" started-at="2017-08-31T04:32:23Z" finished-at="2017-08-31T04:32:56Z">
      <class name="test_suite_UCC_APJ.MemberRegistration">
        <test-method status="PASS" signature="beforeMethod()[pri:0, instance:test_suite_UCC_APJ.MemberRegistration@4b9e13df]" name="beforeMethod" is-config="true" duration-ms="28510" started-at="2017-08-31T14:32:23Z" finished-at="2017-08-31T14:32:52Z">
          <reporter-output>
          </reporter-output>
        </test-method> <!-- beforeMethod -->
        <test-method status="PASS" signature="f()[pri:0, instance:test_suite_UCC_APJ.MemberRegistration@4b9e13df]" name="f" duration-ms="4127" started-at="2017-08-31T14:32:52Z" finished-at="2017-08-31T14:32:56Z">
          <reporter-output>
          </reporter-output>
        </test-method> <!-- f -->
        <test-method status="PASS" signature="afterMethod()[pri:0, instance:test_suite_UCC_APJ.MemberRegistration@4b9e13df]" name="afterMethod" is-config="true" duration-ms="0" started-at="2017-08-31T14:32:56Z" finished-at="2017-08-31T14:32:56Z">
          <reporter-output>
          </reporter-output>
        </test-method> <!-- afterMethod -->
      </class> <!-- test_suite_UCC_APJ.MemberRegistration -->
    </test> <!-- MemberRegistration -->
  </suite> <!-- UCC-APJ-Suite -->
</testng-results>
